<?xml version="1.0" encoding="UTF-8"?>
<testsuite name="AnagramTest" tests="2" skipped="0" failures="0" errors="0" timestamp="2016-02-09T21:39:47" hostname="epicodus-65.local" time="0.001">
  <properties/>
  <testcase name="isAnagram_compareCharacters_returnFalse" classname="AnagramTest" time="0.001"/>
  <testcase name="isAnagram_compareCharacters_returnTrue" classname="AnagramTest" time="0.0"/>
  <system-out><![CDATA[]]></system-out>
  <system-err><![CDATA[]]></system-err>
</testsuite>
